#
# A fatal error has been detected by the Java Runtime Environment:
#
#  EXCEPTION_ACCESS_VIOLATION (0xc0000005) at pc=0x5cd18f17, pid=5972, tid=0x00001710
#
# JRE version: Java(TM) SE Runtime Environment (8.0_191-b12) (build 1.8.0_191-b12)
# Java VM: Java HotSpot(TM) Client VM (25.191-b12 mixed mode windows-x86 )
# Problematic frame:
# C  [awt.dll+0x78f17]
#
# Failed to write core dump. Minidumps are not enabled by default on client versions of Windows
#
# If you would like to submit a bug report, please visit:
#   http://bugreport.java.com/bugreport/crash.jsp
# The crash happened outside the Java Virtual Machine in native code.
# See problematic frame for where to report the bug.
#

---------------  T H R E A D  ---------------

Current thread (0x260dc800):  JavaThread "AWT-Windows" daemon [_thread_in_native, id=5904, stack(0x26680000,0x266d0000)]

siginfo: ExceptionCode=0xc0000005, reading address 0x4f525245

Registers:
EAX=0x4f525245, EBX=0x0000a220, ECX=0x5ccb1720, EDX=0x00000002
ESP=0x266cede8, EBP=0x266cee4c, ESI=0x2901e5d8, EDI=0x0000010e
EIP=0x5cd18f17, EFLAGS=0x00010202

Top of Stack: (sp=0x266cede8)
0x266cede8:   5cd1aa26 0000a220 00000000 00000000
0x266cedf8:   616e1348 00000112 2901e5d8 0000a220
0x266cee08:   75db6d51 260dc940 2901e648 5cd1802b
0x266cee18:   000419c8 0000c37e 00000001 00000000
0x266cee28:   00000000 00000000 000419c8 000419c8
0x266cee38:   616e1370 616e1348 266ceef4 5cd56864
0x266cee48:   00000001 266ceeb0 5cd4cc52 00000111
0x266cee58:   0000a220 00000000 00000000 2901e5d8 

Instructions: (pc=0x5cd18f17)
0x5cd18ef7:   14 00 83 7c 24 08 00 75 20 ff 74 24 04 b9 d8 04
0x5cd18f07:   da 5c e8 b2 ba 02 00 85 c0 75 05 6a 02 58 eb 28
0x5cd18f17:   8b 10 8b c8 ff 52 08 eb f2 ff 74 24 08 e8 b3 f0
0x5cd18f27:   ff ff 59 85 c0 74 0e ff 74 24 0c 8b 10 8b c8 ff 


Register to memory mapping:

EAX=0x4f525245 is an unknown value
EBX=0x0000a220 is an unknown value
ECX=0x5ccb1720 is an unknown value
EDX=0x00000002 is an unknown value
ESP=0x266cede8 is pointing into the stack for thread: 0x260dc800
EBP=0x266cee4c is pointing into the stack for thread: 0x260dc800
ESI=0x2901e5d8 is an unknown value
EDI=0x0000010e is an unknown value


Stack: [0x26680000,0x266d0000],  sp=0x266cede8,  free space=315k
Native frames: (J=compiled Java code, j=interpreted, Vv=VM code, C=native code)
C  [awt.dll+0x78f17]
C  [awt.dll+0xacc52]
C  [awt.dll+0x893da]
C  [awt.dll+0x78073]
C  [USER32.dll+0x162fa]
C  [USER32.dll+0x16d3a]
C  [USER32.dll+0x20d37]
C  [USER32.dll+0x20d5d]
C  [awt.dll+0x1184a]
C  [COMCTL32.dll+0x2f5fe]
C  [COMCTL32.dll+0x2f4a0]
C  [USER32.dll+0x162fa]
C  [USER32.dll+0x16d3a]
C  [USER32.dll+0x177d3]
C  [USER32.dll+0x1789a]
C  [awt.dll+0xa71f4]

Java frames: (J=compiled Java code, j=interpreted, Vv=VM code)
j  sun.awt.windows.WToolkit.eventLoop()V+0
j  sun.awt.windows.WToolkit.run()V+58
j  java.lang.Thread.run()V+11
v  ~StubRoutines::call_stub

---------------  P R O C E S S  ---------------

Java Threads: ( => current thread )
  0x27637400 JavaThread "DestroyJavaVM" [_thread_blocked, id=4420, stack(0x00e00000,0x00e50000)]
  0x27635400 JavaThread "TimerQueue" daemon [_thread_blocked, id=3196, stack(0x2b490000,0x2b4e0000)]
  0x27633000 JavaThread "AWT-EventQueue-0" [_thread_blocked, id=1764, stack(0x28bd0000,0x28c20000)]
  0x27633400 JavaThread "AWT-Shutdown" [_thread_blocked, id=6840, stack(0x28b70000,0x28bc0000)]
  0x27634000 JavaThread "Batik CleanerThread" daemon [_thread_blocked, id=2228, stack(0x28b20000,0x28b70000)]
  0x27632800 JavaThread "JmDNS(MS-202109161812.local.).State.Timer" [_thread_blocked, id=6856, stack(0x28480000,0x284d0000)]
  0x27632000 JavaThread "JmDNS(MS-202109161812.local.).Timer" daemon [_thread_blocked, id=5856, stack(0x28690000,0x286e0000)]
  0x27631c00 JavaThread "SocketListener(MS-202109161812.local.)" daemon [_thread_in_native, id=6512, stack(0x28500000,0x28550000)]
  0x27631400 JavaThread "JmDNS(MS-202109161812.local.).State.Timer" [_thread_blocked, id=940, stack(0x26860000,0x268b0000)]
  0x27631000 JavaThread "JmDNS(MS-202109161812.local.).Timer" daemon [_thread_blocked, id=6408, stack(0x02980000,0x029d0000)]
  0x27630800 JavaThread "SocketListener(MS-202109161812.local.)" daemon [_thread_in_native, id=6640, stack(0x282e0000,0x28330000)]
  0x27564400 JavaThread "JmDNS(MS-202109161812.local.).State.Timer" [_thread_blocked, id=1896, stack(0x28280000,0x282d0000)]
  0x2761fc00 JavaThread "JmDNS(MS-202109161812.local.).Timer" daemon [_thread_blocked, id=5916, stack(0x28180000,0x281d0000)]
  0x2761b400 JavaThread "SocketListener(MS-202109161812.local.)" daemon [_thread_in_native, id=6632, stack(0x278c0000,0x27910000)]
  0x2750ec00 JavaThread "Multihomed mDNS.Timer" daemon [_thread_blocked, id=6676, stack(0x26630000,0x26680000)]
  0x274fe800 JavaThread "cc.arduino.packages.discoverers.serial.SerialDiscovery" [_thread_blocked, id=5768, stack(0x27db0000,0x27e00000)]
=>0x260dc800 JavaThread "AWT-Windows" daemon [_thread_in_native, id=5904, stack(0x26680000,0x266d0000)]
  0x260d9000 JavaThread "Java2D Disposer" daemon [_thread_blocked, id=4072, stack(0x26560000,0x265b0000)]
  0x2567b000 JavaThread "Service Thread" daemon [_thread_blocked, id=2616, stack(0x25d80000,0x25dd0000)]
  0x25676c00 JavaThread "C1 CompilerThread0" daemon [_thread_blocked, id=6200, stack(0x254c0000,0x25510000)]
  0x25672800 JavaThread "Attach Listener" daemon [_thread_blocked, id=6672, stack(0x25b90000,0x25be0000)]
  0x2565bc00 JavaThread "Signal Dispatcher" daemon [_thread_blocked, id=6692, stack(0x25b00000,0x25b50000)]
  0x2564b400 JavaThread "Finalizer" daemon [_thread_blocked, id=924, stack(0x259a0000,0x259f0000)]
  0x25646400 JavaThread "Reference Handler" daemon [_thread_blocked, id=4684, stack(0x25900000,0x25950000)]

Other Threads:
  0x2561c800 VMThread [stack: 0x25470000,0x254c0000] [id=6424]
  0x2567c800 WatcherThread [stack: 0x25a20000,0x25a70000] [id=6696]

VM state:not at safepoint (normal execution)

VM Mutex/Monitor currently owned by a thread: None

Heap:
 def new generation   total 70592K, used 40556K [0x04e00000, 0x09a90000, 0x0f8a0000)
  eden space 62784K,  61% used [0x04e00000, 0x073f2790, 0x08b50000)
  from space 7808K,  21% used [0x08b50000, 0x08cf8b40, 0x092f0000)
  to   space 7808K,   0% used [0x092f0000, 0x092f0000, 0x09a90000)
 tenured generation   total 156624K, used 124868K [0x0f8a0000, 0x19194000, 0x24e00000)
   the space 156624K,  79% used [0x0f8a0000, 0x17291078, 0x17291200, 0x19194000)
 Metaspace       used 25481K, capacity 26048K, committed 26112K, reserved 27008K

Card table byte_map: [0x24e00000,0x24f10000] byte_map_base: 0x24dd9000

Polling page: 0x00290000

CodeCache: size=32768Kb used=2246Kb max_used=5482Kb free=30521Kb
 bounds [0x02e00000, 0x03360000, 0x04e00000]
 total_blobs=1243 nmethods=946 adapters=226
 compilation: enabled

Compilation events (10 events):
Event: 6088.182 Thread 0x25676c00 4851             java.util.HashMap$HashIterator::hasNext (13 bytes)
Event: 6088.182 Thread 0x25676c00 nmethod 4851 0x0334ef48 code [0x0334f040, 0x0334f0d0]
Event: 6092.421 Thread 0x25676c00 4852             java.lang.AbstractStringBuilder::newCapacity (39 bytes)
Event: 6092.422 Thread 0x25676c00 nmethod 4852 0x031e68c8 code [0x031e69d0, 0x031e6b0c]
Event: 6106.979 Thread 0x25676c00 4853             java.util.ArrayList$Itr::<init> (26 bytes)
Event: 6106.980 Thread 0x25676c00 nmethod 4853 0x031e66c8 code [0x031e67c0, 0x031e6860]
Event: 6107.091 Thread 0x25676c00 4854             java.util.ArrayList::iterator (9 bytes)
Event: 6107.091 Thread 0x25676c00 nmethod 4854 0x033483c8 code [0x033484c0, 0x033485a0]
Event: 6111.979 Thread 0x25676c00 4855             java.util.concurrent.ConcurrentHashMap::get (162 bytes)
Event: 6111.981 Thread 0x25676c00 nmethod 4855 0x03347d08 code [0x03347e60, 0x03348110]

GC Heap History (10 events):
Event: 5228.923 GC heap before
{Heap before GC invocations=47 (full 4):
 def new generation   total 70592K, used 66967K [0x04e00000, 0x09a90000, 0x0f8a0000)
  eden space 62784K, 100% used [0x04e00000, 0x08b50000, 0x08b50000)
  from space 7808K,  53% used [0x092f0000, 0x09705da0, 0x09a90000)
  to   space 7808K,   0% used [0x08b50000, 0x08b50000, 0x092f0000)
 tenured generation   total 156624K, used 122711K [0x0f8a0000, 0x19194000, 0x24e00000)
   the space 156624K,  78% used [0x0f8a0000, 0x17075dc8, 0x17075e00, 0x19194000)
 Metaspace       used 25479K, capacity 26045K, committed 26112K, reserved 27008K
Event: 5228.965 GC heap after
Heap after GC invocations=48 (full 4):
 def new generation   total 70592K, used 1675K [0x04e00000, 0x09a90000, 0x0f8a0000)
  eden space 62784K,   0% used [0x04e00000, 0x04e00000, 0x08b50000)
  from space 7808K,  21% used [0x08b50000, 0x08cf2e78, 0x092f0000)
  to   space 7808K,   0% used [0x092f0000, 0x092f0000, 0x09a90000)
 tenured generation   total 156624K, used 124868K [0x0f8a0000, 0x19194000, 0x24e00000)
   the space 156624K,  79% used [0x0f8a0000, 0x17291078, 0x17291200, 0x19194000)
 Metaspace       used 25479K, capacity 26045K, committed 26112K, reserved 27008K
}
Event: 5429.316 GC heap before
{Heap before GC invocations=48 (full 4):
 def new generation   total 70592K, used 64459K [0x04e00000, 0x09a90000, 0x0f8a0000)
  eden space 62784K, 100% used [0x04e00000, 0x08b50000, 0x08b50000)
  from space 7808K,  21% used [0x08b50000, 0x08cf2e78, 0x092f0000)
  to   space 7808K,   0% used [0x092f0000, 0x092f0000, 0x09a90000)
 tenured generation   total 156624K, used 124868K [0x0f8a0000, 0x19194000, 0x24e00000)
   the space 156624K,  79% used [0x0f8a0000, 0x17291078, 0x17291200, 0x19194000)
 Metaspace       used 25479K, capacity 26045K, committed 26112K, reserved 27008K
Event: 5429.348 GC heap after
Heap after GC invocations=49 (full 4):
 def new generation   total 70592K, used 1676K [0x04e00000, 0x09a90000, 0x0f8a0000)
  eden space 62784K,   0% used [0x04e00000, 0x04e00000, 0x08b50000)
  from space 7808K,  21% used [0x092f0000, 0x09493060, 0x09a90000)
  to   space 7808K,   0% used [0x08b50000, 0x08b50000, 0x092f0000)
 tenured generation   total 156624K, used 124868K [0x0f8a0000, 0x19194000, 0x24e00000)
   the space 156624K,  79% used [0x0f8a0000, 0x17291078, 0x17291200, 0x19194000)
 Metaspace       used 25479K, capacity 26045K, committed 26112K, reserved 27008K
}
Event: 5652.101 GC heap before
{Heap before GC invocations=49 (full 4):
 def new generation   total 70592K, used 64460K [0x04e00000, 0x09a90000, 0x0f8a0000)
  eden space 62784K, 100% used [0x04e00000, 0x08b50000, 0x08b50000)
  from space 7808K,  21% used [0x092f0000, 0x09493060, 0x09a90000)
  to   space 7808K,   0% used [0x08b50000, 0x08b50000, 0x092f0000)
 tenured generation   total 156624K, used 124868K [0x0f8a0000, 0x19194000, 0x24e00000)
   the space 156624K,  79% used [0x0f8a0000, 0x17291078, 0x17291200, 0x19194000)
 Metaspace       used 25479K, capacity 26045K, committed 26112K, reserved 27008K
Event: 5652.107 GC heap after
Heap after GC invocations=50 (full 4):
 def new generation   total 70592K, used 1684K [0x04e00000, 0x09a90000, 0x0f8a0000)
  eden space 62784K,   0% used [0x04e00000, 0x04e00000, 0x08b50000)
  from space 7808K,  21% used [0x08b50000, 0x08cf5000, 0x092f0000)
  to   space 7808K,   0% used [0x092f0000, 0x092f0000, 0x09a90000)
 tenured generation   total 156624K, used 124868K [0x0f8a0000, 0x19194000, 0x24e00000)
   the space 156624K,  79% used [0x0f8a0000, 0x17291078, 0x17291200, 0x19194000)
 Metaspace       used 25479K, capacity 26045K, committed 26112K, reserved 27008K
}
Event: 5862.243 GC heap before
{Heap before GC invocations=50 (full 4):
 def new generation   total 70592K, used 64468K [0x04e00000, 0x09a90000, 0x0f8a0000)
  eden space 62784K, 100% used [0x04e00000, 0x08b50000, 0x08b50000)
  from space 7808K,  21% used [0x08b50000, 0x08cf5000, 0x092f0000)
  to   space 7808K,   0% used [0x092f0000, 0x092f0000, 0x09a90000)
 tenured generation   total 156624K, used 124868K [0x0f8a0000, 0x19194000, 0x24e00000)
   the space 156624K,  79% used [0x0f8a0000, 0x17291078, 0x17291200, 0x19194000)
 Metaspace       used 25481K, capacity 26048K, committed 26112K, reserved 27008K
Event: 5862.251 GC heap after
Heap after GC invocations=51 (full 4):
 def new generation   total 70592K, used 1699K [0x04e00000, 0x09a90000, 0x0f8a0000)
  eden space 62784K,   0% used [0x04e00000, 0x04e00000, 0x08b50000)
  from space 7808K,  21% used [0x092f0000, 0x09498c38, 0x09a90000)
  to   space 7808K,   0% used [0x08b50000, 0x08b50000, 0x092f0000)
 tenured generation   total 156624K, used 124868K [0x0f8a0000, 0x19194000, 0x24e00000)
   the space 156624K,  79% used [0x0f8a0000, 0x17291078, 0x17291200, 0x19194000)
 Metaspace       used 25481K, capacity 26048K, committed 26112K, reserved 27008K
}
Event: 6057.364 GC heap before
{Heap before GC invocations=51 (full 4):
 def new generation   total 70592K, used 64483K [0x04e00000, 0x09a90000, 0x0f8a0000)
  eden space 62784K, 100% used [0x04e00000, 0x08b50000, 0x08b50000)
  from space 7808K,  21% used [0x092f0000, 0x09498c38, 0x09a90000)
  to   space 7808K,   0% used [0x08b50000, 0x08b50000, 0x092f0000)
 tenured generation   total 156624K, used 124868K [0x0f8a0000, 0x19194000, 0x24e00000)
   the space 156624K,  79% used [0x0f8a0000, 0x17291078, 0x17291200, 0x19194000)
 Metaspace       used 25481K, capacity 26048K, committed 26112K, reserved 27008K
Event: 6057.368 GC heap after
Heap after GC invocations=52 (full 4):
 def new generation   total 70592K, used 1698K [0x04e00000, 0x09a90000, 0x0f8a0000)
  eden space 62784K,   0% used [0x04e00000, 0x04e00000, 0x08b50000)
  from space 7808K,  21% used [0x08b50000, 0x08cf8b40, 0x092f0000)
  to   space 7808K,   0% used [0x092f0000, 0x092f0000, 0x09a90000)
 tenured generation   total 156624K, used 124868K [0x0f8a0000, 0x19194000, 0x24e00000)
   the space 156624K,  79% used [0x0f8a0000, 0x17291078, 0x17291200, 0x19194000)
 Metaspace       used 25481K, capacity 26048K, committed 26112K, reserved 27008K
}

Deoptimization events (0 events):
No events

Classes redefined (0 events):
No events

Internal exceptions (10 events):
Event: 6091.957 Thread 0x2761fc00 Exception <a 'java/io/IOException'> (0x05979170) thrown at [C:\workspace\8-2-build-windows-i586-cygwin\jdk8u191\11896\hotspot\src\share\vm\prims\jni.cpp, line 709]
Event: 6091.957 Thread 0x2761fc00 Exception <a 'java/io/IOException'> (0x05979400) thrown at [C:\workspace\8-2-build-windows-i586-cygwin\jdk8u191\11896\hotspot\src\share\vm\prims\jni.cpp, line 709]
Event: 6091.957 Thread 0x2761fc00 Exception <a 'java/io/IOException'> (0x05979690) thrown at [C:\workspace\8-2-build-windows-i586-cygwin\jdk8u191\11896\hotspot\src\share\vm\prims\jni.cpp, line 709]
Event: 6091.957 Thread 0x2761fc00 Exception <a 'java/io/IOException'> (0x05979920) thrown at [C:\workspace\8-2-build-windows-i586-cygwin\jdk8u191\11896\hotspot\src\share\vm\prims\jni.cpp, line 709]
Event: 6091.958 Thread 0x2761fc00 Exception <a 'java/io/IOException'> (0x05979bb0) thrown at [C:\workspace\8-2-build-windows-i586-cygwin\jdk8u191\11896\hotspot\src\share\vm\prims\jni.cpp, line 709]
Event: 6091.958 Thread 0x2761fc00 Exception <a 'java/io/IOException'> (0x05979e10) thrown at [C:\workspace\8-2-build-windows-i586-cygwin\jdk8u191\11896\hotspot\src\share\vm\prims\jni.cpp, line 709]
Event: 6091.958 Thread 0x2761fc00 Exception <a 'java/io/IOException'> (0x0597a070) thrown at [C:\workspace\8-2-build-windows-i586-cygwin\jdk8u191\11896\hotspot\src\share\vm\prims\jni.cpp, line 709]
Event: 6091.958 Thread 0x2761fc00 Exception <a 'java/io/IOException'> (0x0597a300) thrown at [C:\workspace\8-2-build-windows-i586-cygwin\jdk8u191\11896\hotspot\src\share\vm\prims\jni.cpp, line 709]
Event: 6091.958 Thread 0x2761fc00 Exception <a 'java/io/IOException'> (0x0597a560) thrown at [C:\workspace\8-2-build-windows-i586-cygwin\jdk8u191\11896\hotspot\src\share\vm\prims\jni.cpp, line 709]
Event: 6091.958 Thread 0x2761fc00 Exception <a 'java/io/IOException'> (0x0597a7c0) thrown at [C:\workspace\8-2-build-windows-i586-cygwin\jdk8u191\11896\hotspot\src\share\vm\prims\jni.cpp, line 709]

Events (10 events):
Event: 6111.951 Executing VM operation: RevokeBias
Event: 6111.951 Executing VM operation: RevokeBias done
Event: 6111.951 Executing VM operation: RevokeBias
Event: 6111.951 Executing VM operation: RevokeBias done
Event: 6151.948 Executing VM operation: RevokeBias
Event: 6151.949 Executing VM operation: RevokeBias done
Event: 6151.949 Executing VM operation: RevokeBias
Event: 6151.949 Executing VM operation: RevokeBias done
Event: 6151.949 Executing VM operation: RevokeBias
Event: 6151.949 Executing VM operation: RevokeBias done


Dynamic libraries:
0x01050000 - 0x01083000 	C:\Program Files (x86)\Arduino\java\bin\javaw.exe
0x77030000 - 0x771b0000 	C:\Windows\SysWOW64\ntdll.dll
0x765f0000 - 0x76700000 	C:\Windows\syswow64\kernel32.dll
0x760f0000 - 0x76137000 	C:\Windows\syswow64\KERNELBASE.dll
0x74c70000 - 0x74d11000 	C:\Windows\syswow64\ADVAPI32.dll
0x74970000 - 0x74a1c000 	C:\Windows\syswow64\msvcrt.dll
0x764a0000 - 0x764b9000 	C:\Windows\SysWOW64\sechost.dll
0x74b80000 - 0x74c70000 	C:\Windows\syswow64\RPCRT4.dll
0x746d0000 - 0x74730000 	C:\Windows\syswow64\SspiCli.dll
0x746c0000 - 0x746cc000 	C:\Windows\syswow64\CRYPTBASE.dll
0x75da0000 - 0x75ea0000 	C:\Windows\syswow64\USER32.dll
0x75ec0000 - 0x75f50000 	C:\Windows\syswow64\GDI32.dll
0x762a0000 - 0x762aa000 	C:\Windows\syswow64\LPK.dll
0x759d0000 - 0x75a6d000 	C:\Windows\syswow64\USP10.dll
0x72760000 - 0x728fe000 	C:\Windows\WinSxS\x86_microsoft.windows.common-controls_6595b64144ccf1df_6.0.7601.18837_none_41e855142bd5705d\COMCTL32.dll
0x74ae0000 - 0x74b37000 	C:\Windows\syswow64\SHLWAPI.dll
0x75970000 - 0x759d0000 	C:\Windows\system32\IMM32.DLL
0x75ae0000 - 0x75bac000 	C:\Windows\syswow64\MSCTF.dll
0x5cdf0000 - 0x5ceaf000 	C:\Program Files (x86)\Arduino\java\bin\msvcr100.dll
0x5c2c0000 - 0x5c693000 	C:\Program Files (x86)\Arduino\java\bin\client\jvm.dll
0x6ffb0000 - 0x6ffb7000 	C:\Windows\system32\WSOCK32.dll
0x74b40000 - 0x74b75000 	C:\Windows\syswow64\WS2_32.dll
0x74850000 - 0x74856000 	C:\Windows\syswow64\NSI.dll
0x74050000 - 0x74082000 	C:\Windows\system32\WINMM.dll
0x74520000 - 0x74529000 	C:\Windows\system32\VERSION.dll
0x76490000 - 0x76495000 	C:\Windows\syswow64\PSAPI.DLL
0x74530000 - 0x74560000 	C:\Program Files (x86)\Arduino\java\bin\splashscreen.dll
0x717b0000 - 0x71830000 	C:\Windows\system32\uxtheme.dll
0x745b0000 - 0x745bc000 	C:\Program Files (x86)\Arduino\java\bin\verify.dll
0x73b10000 - 0x73b32000 	C:\Program Files (x86)\Arduino\java\bin\java.dll
0x76140000 - 0x7629c000 	C:\Windows\system32\ole32.dll
0x762e0000 - 0x7636f000 	C:\Windows\syswow64\OLEAUT32.DLL
0x73b50000 - 0x73b64000 	C:\Program Files (x86)\Arduino\java\bin\zip.dll
0x74d20000 - 0x7596c000 	C:\Windows\syswow64\SHELL32.dll
0x745d0000 - 0x745db000 	C:\Windows\system32\profapi.dll
0x61940000 - 0x619b3000 	C:\Program Files (x86)\Arduino\lib\listSerialsj.dll
0x75f50000 - 0x760ed000 	C:\Windows\syswow64\SETUPAPI.dll
0x75bb0000 - 0x75bd7000 	C:\Windows\syswow64\CFGMGR32.dll
0x75ea0000 - 0x75eb2000 	C:\Windows\syswow64\DEVOBJ.dll
0x73a40000 - 0x73a5d000 	C:\Program Files (x86)\Arduino\lib\jnidispatch-4.2.2-win32-x86.dll
0x6d770000 - 0x6d785000 	C:\Program Files (x86)\Arduino\java\bin\net.dll
0x71740000 - 0x7177c000 	C:\Windows\system32\mswsock.dll
0x6df90000 - 0x6df96000 	C:\Windows\System32\wship6.dll
0x73b40000 - 0x73b4f000 	C:\Program Files (x86)\Arduino\java\bin\nio.dll
0x5cca0000 - 0x5cde7000 	C:\Program Files (x86)\Arduino\java\bin\awt.dll
0x71790000 - 0x717a3000 	C:\Windows\system32\dwmapi.dll
0x61000000 - 0x61039000 	C:\Program Files (x86)\Arduino\java\bin\fontmanager.dll
0x5c1f0000 - 0x5c2b8000 	C:\Windows\system32\opengl32.dll
0x6d740000 - 0x6d762000 	C:\Windows\system32\GLU32.dll
0x5bf40000 - 0x5c027000 	C:\Windows\system32\DDRAW.dll
0x71780000 - 0x71786000 	C:\Windows\system32\DCIMAN32.dll
0x5e4b0000 - 0x5e4e2000 	C:\Program Files (x86)\Arduino\java\bin\t2k.dll
0x6ddf0000 - 0x6ddfa000 	C:\Program Files (x86)\Arduino\java\bin\management.dll
0x6dfe0000 - 0x6dff0000 	C:\Windows\system32\NLAapi.dll
0x6dfd0000 - 0x6dfe0000 	C:\Windows\system32\napinsp.dll
0x6dfb0000 - 0x6dfc2000 	C:\Windows\system32\pnrpnsp.dll
0x72580000 - 0x725c4000 	C:\Windows\system32\DNSAPI.dll
0x6dfa0000 - 0x6dfa8000 	C:\Windows\System32\winrnr.dll
0x743a0000 - 0x743bc000 	C:\Windows\system32\IPHLPAPI.DLL
0x74390000 - 0x74397000 	C:\Windows\system32\WINNSI.DLL
0x6df40000 - 0x6df78000 	C:\Windows\System32\fwpuclnt.dll
0x6df80000 - 0x6df86000 	C:\Windows\system32\rasadhlp.dll
0x71e50000 - 0x71e5d000 	C:\Windows\system32\dhcpcsvc6.DLL
0x73f90000 - 0x73fa2000 	C:\Windows\system32\dhcpcsvc.DLL
0x72740000 - 0x72757000 	C:\Windows\system32\CRYPTSP.dll
0x72540000 - 0x7257b000 	C:\Windows\system32\rsaenh.dll
0x745e0000 - 0x745f7000 	C:\Windows\system32\USERENV.dll
0x74a20000 - 0x74a4f000 	C:\Windows\syswow64\WINTRUST.dll
0x764c0000 - 0x765e1000 	C:\Windows\syswow64\CRYPT32.dll
0x77000000 - 0x7700c000 	C:\Windows\syswow64\MSASN1.dll
0x60f50000 - 0x60f70000 	C:\Program Files (x86)\Arduino\java\bin\sunec.dll
0x715b0000 - 0x715b5000 	C:\Windows\System32\wshtcpip.dll
0x60830000 - 0x60839000 	C:\Program Files (x86)\Arduino\java\bin\sunmscapi.dll
0x5cc30000 - 0x5cc99000 	C:\Program Files (x86)\Arduino\msvcp100.dll
0x5c130000 - 0x5c1ee000 	C:\Program Files (x86)\Arduino\msvcr100.dll
0x02930000 - 0x02962000 	C:\Program Files (x86)\Arduino\lib\AStylej.dll
0x5e0e0000 - 0x5e104000 	C:\Program Files (x86)\Arduino\java\bin\dcpr.dll
0x748e0000 - 0x74963000 	C:\Windows\syswow64\CLBCatQ.DLL
0x734f0000 - 0x73621000 	C:\Windows\system32\WindowsCodecs.dll
0x72e90000 - 0x72edc000 	C:\Windows\system32\apphelp.dll
0x6db30000 - 0x6db4a000 	C:\Program Files (x86)\Common Files\TortoiseOverlays\TortoiseOverlays.dll
0x74510000 - 0x74513000 	C:\Windows\system32\api-ms-win-core-synch-l1-2-0.DLL
0x59da0000 - 0x59db7000 	C:\Program Files\TortoiseSVN\bin\TortoiseStub32.dll
0x58ed0000 - 0x5956d000 	C:\Program Files\TortoiseSVN\bin\TortoiseSVN32.dll
0x76370000 - 0x7648b000 	C:\Windows\syswow64\WININET.dll
0x75a70000 - 0x75a73000 	C:\Windows\syswow64\Normaliz.dll
0x75be0000 - 0x75d9b000 	C:\Windows\syswow64\iertutil.dll
0x74730000 - 0x7484a000 	C:\Windows\syswow64\urlmon.dll
0x6d8a0000 - 0x6d8d1000 	C:\Windows\system32\EhStorShell.dll
0x72440000 - 0x72535000 	C:\Windows\system32\PROPSYS.dll
0x59570000 - 0x595e0000 	C:\Windows\system32\ntshrui.dll
0x73ec0000 - 0x73ed9000 	C:\Windows\system32\srvcli.dll
0x6dbb0000 - 0x6dbbb000 	C:\Windows\system32\cscapi.dll
0x5e4a0000 - 0x5e4aa000 	C:\Windows\system32\slc.dll
0x64000000 - 0x6401b000 	C:\Program Files (x86)\Arduino\lib\jSSC-2.8_x86.dll
0x70ce0000 - 0x70dcb000 	C:\Windows\system32\dbghelp.dll

VM Arguments:
jvm_args: -Dsun.java2d.d3d=false -Djna.nosys=true -Djna.nounpack=true -Djna.boot.library.name=jnidispatch-4.2.2-win32-x86 -Djna.boot.library.path=C:\Program Files (x86)\Arduino/lib -Djssc.library.path=C:\Program Files (x86)\Arduino/lib -DAPP_DIR=C:\Program Files (x86)\Arduino -Xms128M -Xmx512M -Dfile.encoding=UTF8 -Djava.net.preferIPv4Stack=true 
java_command: processing.app.Base D:\SVN\Marlin-2.0.x\Marlin\Marlin.ino
java_class_path (initial): C:\Program Files (x86)\Arduino\lib\apple.jar;C:\Program Files (x86)\Arduino\lib\arduino-core.jar;C:\Program Files (x86)\Arduino\lib\batik-1.8.jar;C:\Program Files (x86)\Arduino\lib\batik-anim-1.8.jar;C:\Program Files (x86)\Arduino\lib\batik-awt-util-1.8.jar;C:\Program Files (x86)\Arduino\lib\batik-bridge-1.8.jar;C:\Program Files (x86)\Arduino\lib\batik-codec-1.8.jar;C:\Program Files (x86)\Arduino\lib\batik-css-1.8.jar;C:\Program Files (x86)\Arduino\lib\batik-dom-1.8.jar;C:\Program Files (x86)\Arduino\lib\batik-ext-1.8.jar;C:\Program Files (x86)\Arduino\lib\batik-gvt-1.8.jar;C:\Program Files (x86)\Arduino\lib\batik-parser-1.8.jar;C:\Program Files (x86)\Arduino\lib\batik-rasterizer-1.8.jar;C:\Program Files (x86)\Arduino\lib\batik-script-1.8.jar;C:\Program Files (x86)\Arduino\lib\batik-squiggle-1.8.jar;C:\Program Files (x86)\Arduino\lib\batik-svg-dom-1.8.jar;C:\Program Files (x86)\Arduino\lib\batik-svgpp-1.8.jar;C:\Program Files (x86)\Arduino\lib\batik-transcoder-1.8.jar;C:\Program Files (x86)\Arduino\lib\batik-util-1.8.jar;C:\Program Files (x86)\Arduino\lib\batik-xml-1.8.jar;C:\Program Files (x86)\Arduino\lib\bcpg-jdk15on-152.jar;C:\Program Files (x86)\Arduino\lib\bcprov-jdk15on-152.jar;C:\Program Files (x86)\Arduino\lib\commons-codec-1.7.jar;C:\Program Files (x86)\Arduino\lib\commons-compress-1.8.jar;C:\Program Files (x86)\Arduino\lib\commons-exec-1.1.jar;C:\Program Files (x86)\Arduino\lib\commons-httpclient-3.1.jar;C:\Program Files (x86)\Arduino\lib\commons-lang3-3.8.1.jar;C:\Program Files (x86)\Arduino\lib\commons-logging-1.0.4.jar;C:\Program Files (x86)\Arduino\lib\commons-net-3.3.jar;C:\Program Files (x86)\Arduino\lib\commons-io-2.6.jar;C:\Program Files (x86)\Arduino\lib\jackson-annotations-2.9.5.jar;C:\Program Files (x86)\Arduino\lib\jackson-core-2.9.5.jar;C:\Program Files (x86)\Arduino\lib\jackson-databind-2.9.5.jar;C:\Program Files (x86)\Arduino\lib\java-semver-0.8.0.jar;C:\Program Files (x86)\Arduino\lib\jmdns-3.5.5.jar;C:\Program
Launcher Type: SUN_STANDARD

Environment Variables:
PATH=C:\Windows\system32;C:\Windows;C:\Windows\System32\Wbem;C:\Windows\System32\WindowsPowerShell\v1.0\;C:\Program Files\TortoiseSVN\bin;C:\Program Files (x86)\Arduino\java\bin
USERNAME=Administrator
OS=Windows_NT
PROCESSOR_IDENTIFIER=Intel64 Family 6 Model 158 Stepping 10, GenuineIntel



---------------  S Y S T E M  ---------------

OS: Windows 7 , 64 bit Build 7601 (6.1.7601.23677)

CPU:total 4 (initial active 4) (2 cores per cpu, 2 threads per core) family 6 model 158 stepping 10, cmov, cx8, fxsr, mmx, sse, sse2, sse3, ssse3, sse4.1, sse4.2, popcnt, aes, clmul, erms, 3dnowpref, lzcnt, ht, tsc, tscinvbit

Memory: 4k page, physical 16637544k(10357808k free), swap 33273228k(25452004k free)

vm_info: Java HotSpot(TM) Client VM (25.191-b12) for windows-x86 JRE (1.8.0_191-b12), built on Oct  6 2018 08:34:23 by "java_re" with MS VC++ 10.0 (VS2010)

time: Mon Oct 18 11:35:32 2021
elapsed time: 6179 seconds (0d 1h 42m 59s)

